{
  "RSpec": {
    "coverage": {
      "/Users/josephdowns/turing/1module/projects/night_writer/spec/writer_spec.rb": {
        "lines": [
          1,
          1,
          1,
          null,
          1,
          1,
          5,
          5,
          5,
          0,
          0,
          null,
          null,
          1,
          0,
          null,
          null,
          1,
          0,
          null,
          null,
          1,
          0,
          0,
          null,
          null,
          1,
          0,
          null,
          0,
          0,
          null,
          null,
          1,
          0,
          null,
          null,
          1,
          0,
          0,
          null,
          null
        ]
      }
    },
    "timestamp": 1646502352
  }
}
